# JRE version: OpenJDK Runtime Environment (8.0_152-b01) (build 1.8.0_152-release-915-b01)
# Java VM: OpenJDK 64-Bit Server VM (25.152-b01 mixed mode windows-amd64 compressed oops)
Heap:
 PSYoungGen      total 249344K, used 30160K [0x00000000e0000000, 0x00000000f1480000, 0x0000000100000000)
  eden space 224256K, 2% used [0x00000000e0000000,0x00000000e0533bd8,0x00000000edb00000)
  from space 25088K, 98% used [0x00000000edb00000,0x00000000ef3407c8,0x00000000ef380000)
  to   space 23552K, 0% used [0x00000000ef380000,0x00000000ef380000,0x00000000f0a80000)
 ParOldGen       total 162816K, used 43975K [0x00000000a0000000, 0x00000000a9f00000, 0x00000000e0000000)
  object space 162816K, 27% used [0x00000000a0000000,0x00000000a2af1fc0,0x00000000a9f00000)
 Metaspace       used 73153K, capacity 76641K, committed 76888K, reserved 1116160K
  class space    used 9527K, capacity 10357K, committed 10368K, reserved 1048576K
GC Heap History (10 events):
Event: 8.265 GC heap before
{Heap before GC invocations=14 (full 3):
 PSYoungGen      total 177152K, used 20462K [0x00000000e0000000, 0x00000000efb80000, 0x0000000100000000)
  eden space 156672K, 0% used [0x00000000e0000000,0x00000000e0000000,0x00000000e9900000)
  from space 20480K, 99% used [0x00000000e9900000,0x00000000eacfb9e0,0x00000000ead00000)
  to   space 24576K, 0% used [0x00000000ee380000,0x00000000ee380000,0x00000000efb80000)
 ParOldGen       total 103936K, used 31893K [0x00000000a0000000, 0x00000000a6580000, 0x00000000e0000000)
  object space 103936K, 30% used [0x00000000a0000000,0x00000000a1f25798,0x00000000a6580000)
 Metaspace       used 56886K, capacity 58879K, committed 59028K, reserved 1099776K
  class space    used 7707K, capacity 8192K, committed 8192K, reserved 1048576K
Event: 8.480 GC heap after
Heap after GC invocations=14 (full 3):
 PSYoungGen      total 177152K, used 0K [0x00000000e0000000, 0x00000000efb80000, 0x0000000100000000)
  eden space 156672K, 0% used [0x00000000e0000000,0x00000000e0000000,0x00000000e9900000)
  from space 20480K, 0% used [0x00000000e9900000,0x00000000e9900000,0x00000000ead00000)
  to   space 24576K, 0% used [0x00000000ee380000,0x00000000ee380000,0x00000000efb80000)
 ParOldGen       total 162816K, used 43943K [0x00000000a0000000, 0x00000000a9f00000, 0x00000000e0000000)
  object space 162816K, 26% used [0x00000000a0000000,0x00000000a2ae9fc0,0x00000000a9f00000)
 Metaspace       used 56863K, capacity 58791K, committed 59028K, reserved 1099776K
  class space    used 7700K, capacity 8184K, committed 8192K, reserved 1048576K
}
Event: 14.563 GC heap before
{Heap before GC invocations=15 (full 3):
 PSYoungGen      total 177152K, used 156672K [0x00000000e0000000, 0x00000000efb80000, 0x0000000100000000)
  eden space 156672K, 100% used [0x00000000e0000000,0x00000000e9900000,0x00000000e9900000)
  from space 20480K, 0% used [0x00000000e9900000,0x00000000e9900000,0x00000000ead00000)
  to   space 24576K, 0% used [0x00000000ee380000,0x00000000ee380000,0x00000000efb80000)
 ParOldGen       total 162816K, used 43943K [0x00000000a0000000, 0x00000000a9f00000, 0x00000000e0000000)
  object space 162816K, 26% used [0x00000000a0000000,0x00000000a2ae9fc0,0x00000000a9f00000)
 Metaspace       used 62990K, capacity 65809K, committed 65880K, reserved 1105920K
  class space    used 8349K, capacity 9037K, committed 9088K, reserved 1048576K
Event: 14.580 GC heap after
Heap after GC invocations=15 (full 3):
 PSYoungGen      total 202752K, used 11875K [0x00000000e0000000, 0x00000000eef80000, 0x0000000100000000)
  eden space 190464K, 0% used [0x00000000e0000000,0x00000000e0000000,0x00000000eba00000)
  from space 12288K, 96% used [0x00000000ee380000,0x00000000eef18ec8,0x00000000eef80000)
  to   space 23552K, 0% used [0x00000000ec180000,0x00000000ec180000,0x00000000ed880000)
 ParOldGen       total 162816K, used 43951K [0x00000000a0000000, 0x00000000a9f00000, 0x00000000e0000000)
  object space 162816K, 26% used [0x00000000a0000000,0x00000000a2aebfc0,0x00000000a9f00000)
 Metaspace       used 62990K, capacity 65809K, committed 65880K, reserved 1105920K
  class space    used 8349K, capacity 9037K, committed 9088K, reserved 1048576K
}
Event: 19.658 GC heap before
{Heap before GC invocations=16 (full 3):
 PSYoungGen      total 202752K, used 202339K [0x00000000e0000000, 0x00000000eef80000, 0x0000000100000000)
  eden space 190464K, 100% used [0x00000000e0000000,0x00000000eba00000,0x00000000eba00000)
  from space 12288K, 96% used [0x00000000ee380000,0x00000000eef18ec8,0x00000000eef80000)
  to   space 23552K, 0% used [0x00000000ec180000,0x00000000ec180000,0x00000000ed880000)
 ParOldGen       total 162816K, used 43951K [0x00000000a0000000, 0x00000000a9f00000, 0x00000000e0000000)
  object space 162816K, 26% used [0x00000000a0000000,0x00000000a2aebfc0,0x00000000a9f00000)
 Metaspace       used 66650K, capacity 69693K, committed 69976K, reserved 1110016K
  class space    used 8779K, capacity 9521K, committed 9600K, reserved 1048576K
Event: 19.670 GC heap after
Heap after GC invocations=16 (full 3):
 PSYoungGen      total 221696K, used 14425K [0x00000000e0000000, 0x00000000f0a80000, 0x0000000100000000)
  eden space 198144K, 0% used [0x00000000e0000000,0x00000000e0000000,0x00000000ec180000)
  from space 23552K, 61% used [0x00000000ec180000,0x00000000ecf967d0,0x00000000ed880000)
  to   space 23552K, 0% used [0x00000000ef380000,0x00000000ef380000,0x00000000f0a80000)
 ParOldGen       total 162816K, used 43959K [0x00000000a0000000, 0x00000000a9f00000, 0x00000000e0000000)
  object space 162816K, 26% used [0x00000000a0000000,0x00000000a2aedfc0,0x00000000a9f00000)
 Metaspace       used 66650K, capacity 69693K, committed 69976K, reserved 1110016K
  class space    used 8779K, capacity 9521K, committed 9600K, reserved 1048576K
}
Event: 21.062 GC heap before
{Heap before GC invocations=17 (full 3):
 PSYoungGen      total 221696K, used 212569K [0x00000000e0000000, 0x00000000f0a80000, 0x0000000100000000)
  eden space 198144K, 100% used [0x00000000e0000000,0x00000000ec180000,0x00000000ec180000)
  from space 23552K, 61% used [0x00000000ec180000,0x00000000ecf967d0,0x00000000ed880000)
  to   space 23552K, 0% used [0x00000000ef380000,0x00000000ef380000,0x00000000f0a80000)
 ParOldGen       total 162816K, used 43959K [0x00000000a0000000, 0x00000000a9f00000, 0x00000000e0000000)
  object space 162816K, 26% used [0x00000000a0000000,0x00000000a2aedfc0,0x00000000a9f00000)
 Metaspace       used 66847K, capacity 69879K, committed 69976K, reserved 1110016K
  class space    used 8788K, capacity 9532K, committed 9600K, reserved 1048576K
Event: 21.075 GC heap after
Heap after GC invocations=17 (full 3):
 PSYoungGen      total 247808K, used 19619K [0x00000000e0000000, 0x00000000f1480000, 0x0000000100000000)
  eden space 224256K, 0% used [0x00000000e0000000,0x00000000e0000000,0x00000000edb00000)
  from space 23552K, 83% used [0x00000000ef380000,0x00000000f06a8fe8,0x00000000f0a80000)
  to   space 25088K, 0% used [0x00000000edb00000,0x00000000edb00000,0x00000000ef380000)
 ParOldGen       total 162816K, used 43967K [0x00000000a0000000, 0x00000000a9f00000, 0x00000000e0000000)
  object space 162816K, 27% used [0x00000000a0000000,0x00000000a2aeffc0,0x00000000a9f00000)
 Metaspace       used 66847K, capacity 69879K, committed 69976K, reserved 1110016K
  class space    used 8788K, capacity 9532K, committed 9600K, reserved 1048576K
}
Event: 183.185 GC heap before
{Heap before GC invocations=18 (full 3):
 PSYoungGen      total 247808K, used 243875K [0x00000000e0000000, 0x00000000f1480000, 0x0000000100000000)
  eden space 224256K, 100% used [0x00000000e0000000,0x00000000edb00000,0x00000000edb00000)
  from space 23552K, 83% used [0x00000000ef380000,0x00000000f06a8fe8,0x00000000f0a80000)
  to   space 25088K, 0% used [0x00000000edb00000,0x00000000edb00000,0x00000000ef380000)
 ParOldGen       total 162816K, used 43967K [0x00000000a0000000, 0x00000000a9f00000, 0x00000000e0000000)
  object space 162816K, 27% used [0x00000000a0000000,0x00000000a2aeffc0,0x00000000a9f00000)
 Metaspace       used 73074K, capacity 76577K, committed 76632K, reserved 1116160K
  class space    used 9523K, capacity 10357K, committed 10368K, reserved 1048576K
Event: 183.237 GC heap after
Heap after GC invocations=18 (full 3):
 PSYoungGen      total 249344K, used 24833K [0x00000000e0000000, 0x00000000f1480000, 0x0000000100000000)
  eden space 224256K, 0% used [0x00000000e0000000,0x00000000e0000000,0x00000000edb00000)
  from space 25088K, 98% used [0x00000000edb00000,0x00000000ef3407c8,0x00000000ef380000)
  to   space 23552K, 0% used [0x00000000ef380000,0x00000000ef380000,0x00000000f0a80000)
 ParOldGen       total 162816K, used 43975K [0x00000000a0000000, 0x00000000a9f00000, 0x00000000e0000000)
  object space 162816K, 27% used [0x00000000a0000000,0x00000000a2af1fc0,0x00000000a9f00000)
 Metaspace       used 73074K, capacity 76577K, committed 76632K, reserved 1116160K
  class space    used 9523K, capacity 10357K, committed 10368K, reserved 1048576K
}

